2025-04-29 11:24:16,504 - __main__ - INFO - Initialized MSCDAE model: levels=3, device=cpu
2025-04-29 11:24:16,504 - __main__ - INFO - Starting training: image directory=D:/aiml/cv/data/ac_samples
2025-04-29 11:24:16,504 - __main__ - INFO - Training pyramid level 1/3
2025-04-29 11:24:20,680 - __main__ - INFO -   Epoch 1/30, Loss: 0.061257
2025-04-29 11:24:26,153 - __main__ - INFO -   Epoch 2/30, Loss: 0.039246
2025-04-29 11:24:31,765 - __main__ - INFO -   Epoch 3/30, Loss: 0.023907
2025-04-29 11:24:37,190 - __main__ - INFO -   Epoch 4/30, Loss: 0.014030
2025-04-29 11:24:43,879 - __main__ - INFO -   Epoch 5/30, Loss: 0.007701
2025-04-29 11:24:50,998 - __main__ - INFO -   Epoch 6/30, Loss: 0.006090
2025-04-29 11:25:00,742 - __main__ - INFO -   Epoch 7/30, Loss: 0.005302
2025-04-29 11:25:07,577 - __main__ - INFO -   Epoch 8/30, Loss: 0.004527
2025-04-29 11:25:18,398 - __main__ - INFO -   Epoch 9/30, Loss: 0.004349
2025-04-29 11:25:25,210 - __main__ - INFO -   Epoch 10/30, Loss: 0.004196
2025-04-29 11:25:31,159 - __main__ - INFO -   Epoch 11/30, Loss: 0.003734
2025-04-29 11:25:37,585 - __main__ - INFO -   Epoch 12/30, Loss: 0.003364
2025-04-29 11:25:46,104 - __main__ - INFO -   Epoch 13/30, Loss: 0.003289
2025-04-29 11:25:54,062 - __main__ - INFO -   Epoch 14/30, Loss: 0.003306
2025-04-29 11:26:01,077 - __main__ - INFO -   Epoch 15/30, Loss: 0.002991
2025-04-29 11:26:07,216 - __main__ - INFO -   Epoch 16/30, Loss: 0.002697
2025-04-29 11:26:13,417 - __main__ - INFO -   Epoch 17/30, Loss: 0.002733
2025-04-29 11:26:19,263 - __main__ - INFO -   Epoch 18/30, Loss: 0.002646
2025-04-29 11:26:24,836 - __main__ - INFO -   Epoch 19/30, Loss: 0.002478
2025-04-29 11:26:30,449 - __main__ - INFO -   Epoch 20/30, Loss: 0.002421
2025-04-29 11:26:36,139 - __main__ - INFO -   Epoch 21/30, Loss: 0.002417
2025-04-29 11:26:42,027 - __main__ - INFO -   Epoch 22/30, Loss: 0.002363
2025-04-29 11:26:48,309 - __main__ - INFO -   Epoch 23/30, Loss: 0.002291
2025-04-29 11:26:54,395 - __main__ - INFO -   Epoch 24/30, Loss: 0.002359
2025-04-29 11:27:00,494 - __main__ - INFO -   Epoch 25/30, Loss: 0.002724
2025-04-29 11:27:06,207 - __main__ - INFO -   Epoch 26/30, Loss: 0.002521
2025-04-29 11:27:12,078 - __main__ - INFO -   Epoch 27/30, Loss: 0.002577
2025-04-29 11:27:17,865 - __main__ - INFO -   Epoch 28/30, Loss: 0.002272
2025-04-29 11:27:23,720 - __main__ - INFO -   Epoch 29/30, Loss: 0.002165
2025-04-29 11:27:30,504 - __main__ - INFO -   Epoch 30/30, Loss: 0.002178
2025-04-29 11:27:30,508 - __main__ - INFO - Level 1 statistics: Mean=0.007160, Std=0.013343, Threshold=0.047190
2025-04-29 11:27:30,508 - __main__ - INFO - Training pyramid level 2/3
2025-04-29 11:27:32,377 - __main__ - INFO -   Epoch 1/30, Loss: 0.066271
2025-04-29 11:27:33,741 - __main__ - INFO -   Epoch 2/30, Loss: 0.057746
2025-04-29 11:27:35,157 - __main__ - INFO -   Epoch 3/30, Loss: 0.043754
2025-04-29 11:27:36,245 - __main__ - INFO -   Epoch 4/30, Loss: 0.033362
2025-04-29 11:27:37,362 - __main__ - INFO -   Epoch 5/30, Loss: 0.025835
2025-04-29 11:27:38,649 - __main__ - INFO -   Epoch 6/30, Loss: 0.016768
2025-04-29 11:27:39,844 - __main__ - INFO -   Epoch 7/30, Loss: 0.011274
2025-04-29 11:27:41,060 - __main__ - INFO -   Epoch 8/30, Loss: 0.010073
2025-04-29 11:27:42,347 - __main__ - INFO -   Epoch 9/30, Loss: 0.008315
2025-04-29 11:27:43,487 - __main__ - INFO -   Epoch 10/30, Loss: 0.008705
2025-04-29 11:27:44,638 - __main__ - INFO -   Epoch 11/30, Loss: 0.007020
2025-04-29 11:27:45,808 - __main__ - INFO -   Epoch 12/30, Loss: 0.006268
2025-04-29 11:27:46,943 - __main__ - INFO -   Epoch 13/30, Loss: 0.005837
2025-04-29 11:27:48,549 - __main__ - INFO -   Epoch 14/30, Loss: 0.005509
2025-04-29 11:27:49,929 - __main__ - INFO -   Epoch 15/30, Loss: 0.005040
2025-04-29 11:27:51,339 - __main__ - INFO -   Epoch 16/30, Loss: 0.004641
2025-04-29 11:27:52,486 - __main__ - INFO -   Epoch 17/30, Loss: 0.004351
2025-04-29 11:27:53,590 - __main__ - INFO -   Epoch 18/30, Loss: 0.004370
2025-04-29 11:27:54,744 - __main__ - INFO -   Epoch 19/30, Loss: 0.004297
2025-04-29 11:27:55,964 - __main__ - INFO -   Epoch 20/30, Loss: 0.004322
2025-04-29 11:27:57,290 - __main__ - INFO -   Epoch 21/30, Loss: 0.004059
2025-04-29 11:27:58,406 - __main__ - INFO -   Epoch 22/30, Loss: 0.003886
2025-04-29 11:27:59,620 - __main__ - INFO -   Epoch 23/30, Loss: 0.003790
2025-04-29 11:28:00,762 - __main__ - INFO -   Epoch 24/30, Loss: 0.003630
2025-04-29 11:28:01,957 - __main__ - INFO -   Epoch 25/30, Loss: 0.003693
2025-04-29 11:28:03,146 - __main__ - INFO -   Epoch 26/30, Loss: 0.003589
2025-04-29 11:28:04,367 - __main__ - INFO -   Epoch 27/30, Loss: 0.003523
2025-04-29 11:28:05,529 - __main__ - INFO -   Epoch 28/30, Loss: 0.003403
2025-04-29 11:28:06,570 - __main__ - INFO -   Epoch 29/30, Loss: 0.003403
2025-04-29 11:28:07,705 - __main__ - INFO -   Epoch 30/30, Loss: 0.003335
2025-04-29 11:28:07,707 - __main__ - INFO - Level 2 statistics: Mean=0.011889, Std=0.016440, Threshold=0.061210
2025-04-29 11:28:07,707 - __main__ - INFO - Training pyramid level 3/3
2025-04-29 11:28:08,010 - __main__ - INFO -   Epoch 1/30, Loss: 0.062745
2025-04-29 11:28:08,238 - __main__ - INFO -   Epoch 2/30, Loss: 0.057764
2025-04-29 11:28:08,467 - __main__ - INFO -   Epoch 3/30, Loss: 0.043800
2025-04-29 11:28:08,690 - __main__ - INFO -   Epoch 4/30, Loss: 0.024237
2025-04-29 11:28:08,933 - __main__ - INFO -   Epoch 5/30, Loss: 0.021185
2025-04-29 11:28:09,193 - __main__ - INFO -   Epoch 6/30, Loss: 0.015731
2025-04-29 11:28:09,441 - __main__ - INFO -   Epoch 7/30, Loss: 0.013404
2025-04-29 11:28:09,683 - __main__ - INFO -   Epoch 8/30, Loss: 0.012136
2025-04-29 11:28:09,920 - __main__ - INFO -   Epoch 9/30, Loss: 0.010456
2025-04-29 11:28:10,179 - __main__ - INFO -   Epoch 10/30, Loss: 0.009934
2025-04-29 11:28:10,410 - __main__ - INFO -   Epoch 11/30, Loss: 0.012214
2025-04-29 11:28:10,655 - __main__ - INFO -   Epoch 12/30, Loss: 0.010188
2025-04-29 11:28:10,877 - __main__ - INFO -   Epoch 13/30, Loss: 0.008959
2025-04-29 11:28:11,128 - __main__ - INFO -   Epoch 14/30, Loss: 0.008044
2025-04-29 11:28:11,324 - __main__ - INFO -   Epoch 15/30, Loss: 0.007486
2025-04-29 11:28:11,546 - __main__ - INFO -   Epoch 16/30, Loss: 0.007431
2025-04-29 11:28:11,766 - __main__ - INFO -   Epoch 17/30, Loss: 0.007077
2025-04-29 11:28:11,995 - __main__ - INFO -   Epoch 18/30, Loss: 0.007048
2025-04-29 11:28:12,240 - __main__ - INFO -   Epoch 19/30, Loss: 0.006637
2025-04-29 11:28:12,503 - __main__ - INFO -   Epoch 20/30, Loss: 0.006316
2025-04-29 11:28:12,745 - __main__ - INFO -   Epoch 21/30, Loss: 0.005939
2025-04-29 11:28:13,030 - __main__ - INFO -   Epoch 22/30, Loss: 0.005756
2025-04-29 11:28:13,440 - __main__ - INFO -   Epoch 23/30, Loss: 0.005732
2025-04-29 11:28:13,697 - __main__ - INFO -   Epoch 24/30, Loss: 0.005183
2025-04-29 11:28:13,958 - __main__ - INFO -   Epoch 25/30, Loss: 0.005537
2025-04-29 11:28:14,196 - __main__ - INFO -   Epoch 26/30, Loss: 0.005200
2025-04-29 11:28:14,435 - __main__ - INFO -   Epoch 27/30, Loss: 0.004976
2025-04-29 11:28:14,703 - __main__ - INFO -   Epoch 28/30, Loss: 0.004995
2025-04-29 11:28:14,952 - __main__ - INFO -   Epoch 29/30, Loss: 0.004796
2025-04-29 11:28:15,209 - __main__ - INFO -   Epoch 30/30, Loss: 0.004503
2025-04-29 11:28:15,210 - __main__ - INFO - Level 3 statistics: Mean=0.013093, Std=0.014434, Threshold=0.056396
2025-04-29 11:28:15,211 - __main__ - INFO - Training completed
2025-04-29 11:28:15,241 - __main__ - INFO - Model saved to: D:/aiml/cv/models/mscdae_model
2025-04-29 11:28:15,241 - __main__ - INFO - Batch testing images: D:/aiml/cv/data/test_samples
2025-04-29 11:28:15,244 - __main__ - INFO - Detecting defects in image: D:/aiml/cv/data/test_samples\aa.png
2025-04-29 11:28:15,258 - __main__ - INFO - Processing pyramid level 1/3
2025-04-29 11:28:15,756 - __main__ - INFO - Processing pyramid level 2/3
2025-04-29 11:28:15,829 - __main__ - INFO - Processing pyramid level 3/3
2025-04-29 11:28:20,519 - __main__ - INFO - Detection result: AC, Defect ratio: 0.001160
2025-04-29 11:28:20,520 - __main__ - INFO - Detecting defects in image: D:/aiml/cv/data/test_samples\nc1.png
2025-04-29 11:28:20,528 - __main__ - INFO - Processing pyramid level 1/3
2025-04-29 11:28:20,838 - __main__ - INFO - Processing pyramid level 2/3
2025-04-29 11:28:20,902 - __main__ - INFO - Processing pyramid level 3/3
2025-04-29 11:28:25,151 - __main__ - INFO - Detection result: AC, Defect ratio: 0.004684
2025-04-29 11:28:25,151 - __main__ - INFO - Detecting defects in image: D:/aiml/cv/data/test_samples\nn2.png
2025-04-29 11:28:25,165 - __main__ - INFO - Processing pyramid level 1/3
2025-04-29 11:28:25,434 - __main__ - INFO - Processing pyramid level 2/3
2025-04-29 11:28:25,496 - __main__ - INFO - Processing pyramid level 3/3
2025-04-29 11:28:30,087 - __main__ - INFO - Detection result: AC, Defect ratio: 0.001816
2025-04-29 11:28:30,088 - __main__ - INFO - Detecting defects in image: D:/aiml/cv/data/test_samples\nn3.png
2025-04-29 11:28:30,107 - __main__ - INFO - Processing pyramid level 1/3
2025-04-29 11:28:30,451 - __main__ - INFO - Processing pyramid level 2/3
2025-04-29 11:28:30,517 - __main__ - INFO - Processing pyramid level 3/3
2025-04-29 11:28:35,541 - __main__ - INFO - Detection result: AC, Defect ratio: 0.002716
2025-04-29 11:28:35,542 - __main__ - INFO - Detecting defects in image: D:/aiml/cv/data/test_samples\nn4.png
2025-04-29 11:28:35,552 - __main__ - INFO - Processing pyramid level 1/3
2025-04-29 11:28:35,812 - __main__ - INFO - Processing pyramid level 2/3
2025-04-29 11:28:35,857 - __main__ - INFO - Processing pyramid level 3/3
2025-04-29 11:28:41,634 - __main__ - INFO - Detection result: AC, Defect ratio: 0.000824
2025-04-29 11:28:42,071 - __main__ - INFO - Batch testing completed: Total=5, NC count=0, NC ratio=0.0000
